16:48:45.082 [main] INFO  api.test.UserTest - ***********  Creating user ***************************
16:48:47.490 [main] INFO  api.test.UserTest - ***********  User is created ***************************
16:48:47.504 [main] INFO  api.test.UserTest - ***********  Reading user info ***************************
16:48:48.567 [main] INFO  api.test.UserTest - *********** User Info is displayed ***************************
16:48:48.570 [main] INFO  api.test.UserTest - ***********  Updating user ***************************
16:48:50.442 [main] INFO  api.test.UserTest - ***********  User is Updated ***************************
16:48:50.446 [main] INFO  api.test.UserTest - ***********  Deleting user ***************************
16:48:51.479 [main] INFO  api.test.UserTest - ***********  User is Deleted ***************************
17:47:20.933 [main] INFO  api.test.StoreTests - ***********  Creating user ***************************
17:47:23.099 [main] INFO  api.test.StoreTests - ***********  Reading user info ***************************
17:47:24.220 [main] INFO  api.test.StoreTests - ***********  Deleting user ***************************
17:48:09.204 [main] INFO  api.test.StoreTests - ***********  Creating user ***************************
17:48:11.132 [main] INFO  api.test.StoreTests - ***********  Reading user info ***************************
17:48:12.079 [main] INFO  api.test.StoreTests - ***********  Deleting user ***************************
17:48:54.804 [main] INFO  api.test.StoreTests - ***********  Deleting user ***************************
17:50:21.118 [main] INFO  api.test.StoreTests - ***********  Creating order ***************************
17:50:23.220 [main] INFO  api.test.StoreTests - ***********  Reading order info ***************************
17:50:24.299 [main] INFO  api.test.StoreTests - ***********  Deleting order ***************************
17:51:58.625 [main] INFO  api.test.StoreTests - ***********  Creating order ***************************
17:52:00.716 [main] INFO  api.test.StoreTests - ***********  Reading order info ***************************
17:52:01.662 [main] INFO  api.test.StoreTests - ***********  Deleting order ***************************
17:54:32.313 [main] INFO  api.test.StoreTests - ***********  Creating order ***************************
17:54:34.668 [main] INFO  api.test.StoreTests - ***********  Reading order info ***************************
17:54:35.734 [main] INFO  api.test.StoreTests - ***********  Deleting order ***************************
18:13:25.929 [main] INFO  api.test.StoreTests - ***********  Creating order ***************************
18:13:28.391 [main] INFO  api.test.StoreTests - ***********  Reading order info ***************************
18:13:29.444 [main] INFO  api.test.StoreTests - *********** order Info is displayed ***************************
18:13:29.447 [main] INFO  api.test.StoreTests - ***********  Deleting order ***************************
18:13:31.110 [main] INFO  api.test.StoreTests - ***********  order is Deleted ***************************
18:15:44.365 [main] INFO  api.test.StoreTests - ***********  Creating order ***************************
18:15:46.595 [main] INFO  api.test.StoreTests - ***********  Reading order info ***************************
18:15:47.502 [main] INFO  api.test.StoreTests - *********** order Info is displayed ***************************
18:15:47.505 [main] INFO  api.test.StoreTests - ***********  Deleting order ***************************
18:15:48.392 [main] INFO  api.test.StoreTests - ***********  order is Deleted ***************************
18:19:03.610 [main] INFO  api.test.UserTest - ***********  Creating user ***************************
18:19:05.890 [main] INFO  api.test.UserTest - ***********  User is created ***************************
18:19:05.900 [main] INFO  api.test.UserTest - ***********  Reading user info ***************************
18:19:06.929 [main] INFO  api.test.UserTest - *********** User Info is displayed ***************************
18:19:06.932 [main] INFO  api.test.UserTest - ***********  Updating user ***************************
18:19:08.726 [main] INFO  api.test.UserTest - ***********  User is Updated ***************************
18:19:08.729 [main] INFO  api.test.UserTest - ***********  Deleting user ***************************
18:19:09.732 [main] INFO  api.test.UserTest - ***********  User is Deleted ***************************
18:21:35.358 [main] INFO  api.test.StoreTests - ***********  Creating order ***************************
18:21:37.718 [main] INFO  api.test.StoreTests - ***********  Reading order info ***************************
18:21:38.748 [main] INFO  api.test.StoreTests - ***********  Deleting order ***************************
18:23:51.100 [main] INFO  api.test.StoreTests - ***********  Creating order ***************************
18:23:53.416 [main] INFO  api.test.StoreTests - ***********  Reading order info ***************************
18:23:54.328 [main] INFO  api.test.StoreTests - ***********  Deleting order ***************************
19:02:20.053 [main] INFO  api.test.PetTests - ***********  Creating pet ***************************
19:02:22.444 [main] INFO  api.test.PetTests - ***********  pet is created ***************************
19:02:22.451 [main] INFO  api.test.PetTests - ***********  Reading pet info ***************************
19:02:23.356 [main] INFO  api.test.PetTests - *********** pet Info is displayed ***************************
19:02:23.359 [main] INFO  api.test.PetTests - ***********  Updating pet ***************************
19:02:24.493 [main] INFO  api.test.PetTests - ***********  Deleting pet ***************************
19:02:25.492 [main] INFO  api.test.PetTests - ***********  pet is Deleted ***************************
19:06:10.542 [main] INFO  api.test.PetTests - ***********  Creating pet ***************************
19:06:12.408 [main] INFO  api.test.PetTests - ***********  pet is created ***************************
19:06:12.416 [main] INFO  api.test.PetTests - ***********  Reading pet info ***************************
19:06:13.332 [main] INFO  api.test.PetTests - *********** pet Info is displayed ***************************
19:06:13.335 [main] INFO  api.test.PetTests - ***********  Updating pet ***************************
19:06:14.226 [main] INFO  api.test.PetTests - ***********  Deleting pet ***************************
19:07:08.782 [main] INFO  api.test.PetTests - ***********  Creating pet ***************************
19:07:10.735 [main] INFO  api.test.PetTests - ***********  pet is created ***************************
19:07:10.744 [main] INFO  api.test.PetTests - ***********  Reading pet info ***************************
19:07:11.642 [main] INFO  api.test.PetTests - *********** pet Info is displayed ***************************
19:07:11.646 [main] INFO  api.test.PetTests - ***********  Updating pet ***************************
19:07:12.536 [main] INFO  api.test.PetTests - ***********  Deleting pet ***************************
19:11:47.551 [main] INFO  api.test.PetTests - ***********  Creating pet ***************************
19:11:50.029 [main] INFO  api.test.PetTests - ***********  pet is created ***************************
19:11:50.036 [main] INFO  api.test.PetTests - ***********  Reading pet info ***************************
19:11:50.927 [main] INFO  api.test.PetTests - *********** pet Info is displayed ***************************
19:11:50.931 [main] INFO  api.test.PetTests - ***********  Updating pet ***************************
19:11:52.050 [main] INFO  api.test.PetTests - ***********  Deleting pet ***************************
19:13:46.539 [main] INFO  api.test.UserTest - ***********  Creating user ***************************
19:13:48.821 [main] INFO  api.test.UserTest - ***********  User is created ***************************
19:13:48.829 [main] INFO  api.test.UserTest - ***********  Reading user info ***************************
19:13:49.838 [main] INFO  api.test.UserTest - *********** User Info is displayed ***************************
19:13:49.841 [main] INFO  api.test.UserTest - ***********  Updating user ***************************
19:13:51.620 [main] INFO  api.test.UserTest - ***********  User is Updated ***************************
19:13:51.628 [main] INFO  api.test.UserTest - ***********  Deleting user ***************************
19:13:52.623 [main] INFO  api.test.UserTest - ***********  User is Deleted ***************************
19:18:42.068 [main] INFO  api.test.PetTests - ***********  Creating pet ***************************
19:18:44.616 [main] INFO  api.test.PetTests - ***********  pet is created ***************************
19:18:44.624 [main] INFO  api.test.PetTests - ***********  Reading pet info ***************************
19:18:45.526 [main] INFO  api.test.PetTests - *********** pet Info is displayed ***************************
19:18:45.530 [main] INFO  api.test.PetTests - ***********  Updating pet ***************************
19:18:46.653 [main] INFO  api.test.PetTests - ***********  Deleting pet ***************************
19:19:23.689 [main] INFO  api.test.PetTests - ***********  Creating pet ***************************
19:19:25.974 [main] INFO  api.test.PetTests - ***********  pet is created ***************************
19:19:25.982 [main] INFO  api.test.PetTests - ***********  Reading pet info ***************************
19:19:26.902 [main] INFO  api.test.PetTests - *********** pet Info is displayed ***************************
19:19:26.906 [main] INFO  api.test.PetTests - ***********  Updating pet ***************************
19:19:27.913 [main] INFO  api.test.PetTests - ***********  Deleting pet ***************************
19:19:28.911 [main] INFO  api.test.PetTests - ***********  pet is Deleted ***************************
19:23:43.409 [main] INFO  api.test.PetTests - ***********  Creating pet ***************************
19:23:45.879 [main] INFO  api.test.PetTests - ***********  pet is created ***************************
19:23:45.886 [main] INFO  api.test.PetTests - ***********  Reading pet info ***************************
19:23:46.778 [main] INFO  api.test.PetTests - *********** pet Info is displayed ***************************
19:23:46.783 [main] INFO  api.test.PetTests - ***********  Updating pet ***************************
19:23:47.906 [main] INFO  api.test.PetTests - ***********  Deleting pet ***************************
19:23:48.787 [main] INFO  api.test.PetTests - ***********  pet is Deleted ***************************
19:34:02.484 [main] INFO  api.test.PetTests - ***********  Creating pet ***************************
19:34:04.644 [main] INFO  api.test.PetTests - ***********  pet is created ***************************
19:34:04.652 [main] INFO  api.test.PetTests - ***********  Reading pet info ***************************
19:34:05.551 [main] INFO  api.test.PetTests - *********** pet Info is displayed ***************************
19:34:05.554 [main] INFO  api.test.PetTests - ***********  Updating pet ***************************
19:34:05.579 [main] INFO  api.test.PetTests - ***********  Deleting pet ***************************
19:34:06.570 [main] INFO  api.test.PetTests - ***********  pet is Deleted ***************************
19:35:51.590 [main] INFO  api.test.PetTests - ***********  Creating pet ***************************
19:35:53.641 [main] INFO  api.test.PetTests - ***********  pet is created ***************************
19:35:53.649 [main] INFO  api.test.PetTests - ***********  Reading pet info ***************************
19:35:54.556 [main] INFO  api.test.PetTests - *********** pet Info is displayed ***************************
19:35:54.560 [main] INFO  api.test.PetTests - ***********  Updating pet ***************************
19:35:55.734 [main] INFO  api.test.PetTests - ***********  Deleting pet ***************************
19:35:56.615 [main] INFO  api.test.PetTests - ***********  pet is Deleted ***************************
19:38:02.607 [main] INFO  api.test.PetTests - ***********  Creating pet ***************************
19:38:04.571 [main] INFO  api.test.PetTests - ***********  pet is created ***************************
19:38:04.579 [main] INFO  api.test.PetTests - ***********  Reading pet info ***************************
19:38:05.476 [main] INFO  api.test.PetTests - *********** pet Info is displayed ***************************
19:38:05.481 [main] INFO  api.test.PetTests - ***********  Updating pet ***************************
19:38:06.376 [main] INFO  api.test.PetTests - ***********  Deleting pet ***************************
19:38:07.268 [main] INFO  api.test.PetTests - ***********  pet is Deleted ***************************
19:39:38.941 [main] INFO  api.test.PetTests - ***********  Creating pet ***************************
19:39:41.165 [main] INFO  api.test.PetTests - ***********  pet is created ***************************
19:39:41.175 [main] INFO  api.test.PetTests - ***********  Reading pet info ***************************
19:39:42.068 [main] INFO  api.test.PetTests - *********** pet Info is displayed ***************************
19:39:42.073 [main] INFO  api.test.PetTests - ***********  Updating pet ***************************
19:39:42.973 [main] INFO  api.test.PetTests - ***********  Deleting pet ***************************
19:39:43.964 [main] INFO  api.test.PetTests - ***********  pet is Deleted ***************************
19:43:03.003 [main] INFO  api.test.PetTests - ***********  Creating pet ***************************
19:43:04.884 [main] INFO  api.test.PetTests - ***********  pet is created ***************************
19:43:04.890 [main] INFO  api.test.PetTests - ***********  Reading pet info ***************************
19:43:05.903 [main] INFO  api.test.PetTests - *********** pet Info is displayed ***************************
19:43:05.908 [main] INFO  api.test.PetTests - ***********  Updating pet ***************************
19:43:07.053 [main] INFO  api.test.PetTests - ***********  Deleting pet ***************************
19:43:07.932 [main] INFO  api.test.PetTests - ***********  pet is Deleted ***************************
19:44:06.664 [main] INFO  api.test.PetTests - ***********  Creating pet ***************************
19:44:08.558 [main] INFO  api.test.PetTests - ***********  pet is created ***************************
19:44:08.568 [main] INFO  api.test.PetTests - ***********  Reading pet info ***************************
19:44:09.471 [main] INFO  api.test.PetTests - *********** pet Info is displayed ***************************
19:44:09.474 [main] INFO  api.test.PetTests - ***********  Updating pet ***************************
19:44:10.373 [main] INFO  api.test.PetTests - ***********  Deleting pet ***************************
19:44:11.258 [main] INFO  api.test.PetTests - ***********  pet is Deleted ***************************
19:47:59.428 [main] INFO  api.test.PetTests - ***********  Creating pet ***************************
19:48:01.579 [main] INFO  api.test.PetTests - ***********  pet is created ***************************
19:48:01.587 [main] INFO  api.test.PetTests - ***********  Reading pet info ***************************
19:48:02.610 [main] INFO  api.test.PetTests - *********** pet Info is displayed ***************************
19:48:02.614 [main] INFO  api.test.PetTests - ***********  Updating pet ***************************
19:48:02.656 [main] INFO  api.test.PetTests - ***********  Deleting pet ***************************
19:48:03.662 [main] INFO  api.test.PetTests - ***********  pet is Deleted ***************************
19:48:45.841 [main] INFO  api.test.PetTests - ***********  Creating pet ***************************
19:48:47.870 [main] INFO  api.test.PetTests - ***********  pet is created ***************************
19:48:47.878 [main] INFO  api.test.PetTests - ***********  Reading pet info ***************************
19:48:48.774 [main] INFO  api.test.PetTests - *********** pet Info is displayed ***************************
19:48:48.777 [main] INFO  api.test.PetTests - ***********  Updating pet ***************************
19:48:50.569 [main] INFO  api.test.PetTests - ***********  pet is Updated ***************************
19:48:50.572 [main] INFO  api.test.PetTests - ***********  Deleting pet ***************************
19:48:51.449 [main] INFO  api.test.PetTests - ***********  pet is Deleted ***************************
19:49:39.865 [main] INFO  api.test.StoreTests - ***********  Creating order ***************************
19:49:42.319 [main] INFO  api.test.StoreTests - ***********  Reading order info ***************************
19:49:43.341 [main] INFO  api.test.StoreTests - ***********  Deleting order ***************************
19:56:52.112 [main] INFO  api.test.StoreTests - ***********  Creating order ***************************
19:56:54.272 [main] INFO  api.test.StoreTests - ***********  Reading order info ***************************
19:56:55.294 [main] INFO  api.test.StoreTests - ***********  Deleting order ***************************
19:59:43.612 [main] INFO  api.test.StoreTests - ***********  Creating order ***************************
19:59:45.612 [main] INFO  api.test.StoreTests - ***********  Reading order info ***************************
19:59:46.513 [main] INFO  api.test.StoreTests - ***********  Deleting order ***************************
19:59:47.501 [main] INFO  api.test.StoreTests - ***********  order is Deleted ***************************
20:00:06.505 [main] INFO  api.test.StoreTests - ***********  Creating order ***************************
20:00:08.479 [main] INFO  api.test.StoreTests - ***********  Reading order info ***************************
20:00:09.499 [main] INFO  api.test.StoreTests - *********** order Info is displayed ***************************
20:00:09.503 [main] INFO  api.test.StoreTests - ***********  Deleting order ***************************
20:00:10.384 [main] INFO  api.test.StoreTests - ***********  order is Deleted ***************************
20:01:26.388 [main] INFO  api.test.StoreTests - ***********  Creating order ***************************
20:01:28.379 [main] INFO  api.test.StoreTests - ***********  Reading order info ***************************
20:01:29.278 [main] INFO  api.test.StoreTests - ***********  Deleting order ***************************
20:01:47.127 [main] INFO  api.test.StoreTests - ***********  Creating order ***************************
20:01:49.267 [main] INFO  api.test.StoreTests - ***********  Reading order info ***************************
20:01:50.170 [main] INFO  api.test.StoreTests - ***********  Deleting order ***************************
20:20:06.138 [main] INFO  api.test.StoreTests - ***********  Creating order ***************************
20:20:08.434 [main] INFO  api.test.StoreTests - ***********  Reading order info ***************************
20:20:09.460 [main] INFO  api.test.StoreTests - *********** order Info is displayed ***************************
20:20:09.463 [main] INFO  api.test.StoreTests - ***********  Deleting order ***************************
20:20:10.454 [main] INFO  api.test.StoreTests - ***********  order is Deleted ***************************
20:25:11.648 [main] INFO  api.test.StoreTests - ***********  Creating order ***************************
20:25:14.045 [main] INFO  api.test.StoreTests - ***********  order is created ***************************
20:25:14.051 [main] INFO  api.test.StoreTests - ***********  Reading order info ***************************
20:25:14.954 [main] INFO  api.test.StoreTests - *********** order Info is displayed ***************************
20:25:14.957 [main] INFO  api.test.StoreTests - ***********  Deleting order ***************************
20:25:15.946 [main] INFO  api.test.StoreTests - ***********  order is Deleted ***************************
20:25:45.282 [main] INFO  api.test.UserTest - ***********  Creating user ***************************
20:25:47.375 [main] INFO  api.test.UserTest - ***********  User is created ***************************
20:25:47.382 [main] INFO  api.test.UserTest - ***********  Reading user info ***************************
20:25:48.391 [main] INFO  api.test.UserTest - *********** User Info is displayed ***************************
20:25:48.394 [main] INFO  api.test.UserTest - ***********  Updating user ***************************
20:25:50.165 [main] INFO  api.test.UserTest - ***********  User is Updated ***************************
20:25:50.167 [main] INFO  api.test.UserTest - ***********  Deleting user ***************************
20:25:51.159 [main] INFO  api.test.UserTest - ***********  User is Deleted ***************************
20:26:01.057 [main] INFO  api.test.PetTests - ***********  Creating pet ***************************
20:26:03.174 [main] INFO  api.test.PetTests - ***********  pet is created ***************************
20:26:03.181 [main] INFO  api.test.PetTests - ***********  Reading pet info ***************************
20:26:04.084 [main] INFO  api.test.PetTests - *********** pet Info is displayed ***************************
20:26:04.088 [main] INFO  api.test.PetTests - ***********  Updating pet ***************************
20:26:05.889 [main] INFO  api.test.PetTests - ***********  pet is Updated ***************************
20:26:05.891 [main] INFO  api.test.PetTests - ***********  Deleting pet ***************************
20:26:06.760 [main] INFO  api.test.PetTests - ***********  pet is Deleted ***************************
20:26:17.374 [main] INFO  api.test.StoreTests - ***********  Creating order ***************************
20:26:19.481 [main] INFO  api.test.StoreTests - ***********  order is created ***************************
20:26:19.489 [main] INFO  api.test.StoreTests - ***********  Reading order info ***************************
20:26:20.383 [main] INFO  api.test.StoreTests - *********** order Info is displayed ***************************
20:26:20.386 [main] INFO  api.test.StoreTests - ***********  Deleting order ***************************
20:26:21.272 [main] INFO  api.test.StoreTests - ***********  order is Deleted ***************************
11:19:14.174 [main] DEBUG org.apache.poi.openxml4j.opc.PackageRelationshipCollection - Parsing relationship: /xl/_rels/workbook.xml.rels
11:19:14.215 [main] DEBUG org.apache.poi.openxml4j.opc.PackageRelationshipCollection - Parsing relationship: /xl/worksheets/_rels/sheet1.xml.rels
11:19:14.216 [main] DEBUG org.apache.poi.openxml4j.opc.PackageRelationshipCollection - Parsing relationship: /_rels/.rels
11:19:14.825 [main] DEBUG org.apache.poi.openxml4j.opc.PackageRelationshipCollection - Parsing relationship: /xl/_rels/workbook.xml.rels
11:19:14.826 [main] DEBUG org.apache.poi.openxml4j.opc.PackageRelationshipCollection - Parsing relationship: /xl/worksheets/_rels/sheet1.xml.rels
11:19:14.827 [main] DEBUG org.apache.poi.openxml4j.opc.PackageRelationshipCollection - Parsing relationship: /_rels/.rels
11:19:14.850 [main] DEBUG org.apache.poi.openxml4j.opc.PackageRelationshipCollection - Parsing relationship: /xl/_rels/workbook.xml.rels
11:19:14.851 [main] DEBUG org.apache.poi.openxml4j.opc.PackageRelationshipCollection - Parsing relationship: /xl/worksheets/_rels/sheet1.xml.rels
11:19:14.851 [main] DEBUG org.apache.poi.openxml4j.opc.PackageRelationshipCollection - Parsing relationship: /_rels/.rels
11:19:14.894 [main] DEBUG org.apache.poi.openxml4j.opc.PackageRelationshipCollection - Parsing relationship: /xl/_rels/workbook.xml.rels
11:19:14.895 [main] DEBUG org.apache.poi.openxml4j.opc.PackageRelationshipCollection - Parsing relationship: /xl/worksheets/_rels/sheet1.xml.rels
11:19:14.895 [main] DEBUG org.apache.poi.openxml4j.opc.PackageRelationshipCollection - Parsing relationship: /_rels/.rels
11:19:14.917 [main] DEBUG org.apache.poi.openxml4j.opc.PackageRelationshipCollection - Parsing relationship: /xl/_rels/workbook.xml.rels
11:19:14.918 [main] DEBUG org.apache.poi.openxml4j.opc.PackageRelationshipCollection - Parsing relationship: /xl/worksheets/_rels/sheet1.xml.rels
11:19:14.918 [main] DEBUG org.apache.poi.openxml4j.opc.PackageRelationshipCollection - Parsing relationship: /_rels/.rels
11:19:14.935 [main] DEBUG org.apache.poi.openxml4j.opc.PackageRelationshipCollection - Parsing relationship: /xl/_rels/workbook.xml.rels
11:19:14.936 [main] DEBUG org.apache.poi.openxml4j.opc.PackageRelationshipCollection - Parsing relationship: /xl/worksheets/_rels/sheet1.xml.rels
11:19:14.937 [main] DEBUG org.apache.poi.openxml4j.opc.PackageRelationshipCollection - Parsing relationship: /_rels/.rels
11:19:14.954 [main] DEBUG org.apache.poi.openxml4j.opc.PackageRelationshipCollection - Parsing relationship: /xl/_rels/workbook.xml.rels
11:19:14.955 [main] DEBUG org.apache.poi.openxml4j.opc.PackageRelationshipCollection - Parsing relationship: /xl/worksheets/_rels/sheet1.xml.rels
11:19:14.955 [main] DEBUG org.apache.poi.openxml4j.opc.PackageRelationshipCollection - Parsing relationship: /_rels/.rels
11:19:14.972 [main] DEBUG org.apache.poi.openxml4j.opc.PackageRelationshipCollection - Parsing relationship: /xl/_rels/workbook.xml.rels
11:19:14.973 [main] DEBUG org.apache.poi.openxml4j.opc.PackageRelationshipCollection - Parsing relationship: /xl/worksheets/_rels/sheet1.xml.rels
11:19:14.973 [main] DEBUG org.apache.poi.openxml4j.opc.PackageRelationshipCollection - Parsing relationship: /_rels/.rels
11:19:14.989 [main] DEBUG org.apache.poi.openxml4j.opc.PackageRelationshipCollection - Parsing relationship: /xl/_rels/workbook.xml.rels
11:19:14.990 [main] DEBUG org.apache.poi.openxml4j.opc.PackageRelationshipCollection - Parsing relationship: /xl/worksheets/_rels/sheet1.xml.rels
11:19:14.990 [main] DEBUG org.apache.poi.openxml4j.opc.PackageRelationshipCollection - Parsing relationship: /_rels/.rels
11:19:15.006 [main] DEBUG org.apache.poi.openxml4j.opc.PackageRelationshipCollection - Parsing relationship: /xl/_rels/workbook.xml.rels
11:19:15.006 [main] DEBUG org.apache.poi.openxml4j.opc.PackageRelationshipCollection - Parsing relationship: /xl/worksheets/_rels/sheet1.xml.rels
11:19:15.007 [main] DEBUG org.apache.poi.openxml4j.opc.PackageRelationshipCollection - Parsing relationship: /_rels/.rels
11:19:15.024 [main] DEBUG org.apache.poi.openxml4j.opc.PackageRelationshipCollection - Parsing relationship: /xl/_rels/workbook.xml.rels
11:19:15.024 [main] DEBUG org.apache.poi.openxml4j.opc.PackageRelationshipCollection - Parsing relationship: /xl/worksheets/_rels/sheet1.xml.rels
11:19:15.025 [main] DEBUG org.apache.poi.openxml4j.opc.PackageRelationshipCollection - Parsing relationship: /_rels/.rels
11:19:15.038 [main] DEBUG org.apache.poi.openxml4j.opc.PackageRelationshipCollection - Parsing relationship: /xl/_rels/workbook.xml.rels
11:19:15.039 [main] DEBUG org.apache.poi.openxml4j.opc.PackageRelationshipCollection - Parsing relationship: /xl/worksheets/_rels/sheet1.xml.rels
11:19:15.039 [main] DEBUG org.apache.poi.openxml4j.opc.PackageRelationshipCollection - Parsing relationship: /_rels/.rels
11:19:15.053 [main] DEBUG org.apache.poi.openxml4j.opc.PackageRelationshipCollection - Parsing relationship: /xl/_rels/workbook.xml.rels
11:19:15.054 [main] DEBUG org.apache.poi.openxml4j.opc.PackageRelationshipCollection - Parsing relationship: /xl/worksheets/_rels/sheet1.xml.rels
11:19:15.054 [main] DEBUG org.apache.poi.openxml4j.opc.PackageRelationshipCollection - Parsing relationship: /_rels/.rels
11:19:15.068 [main] DEBUG org.apache.poi.openxml4j.opc.PackageRelationshipCollection - Parsing relationship: /xl/_rels/workbook.xml.rels
11:19:15.068 [main] DEBUG org.apache.poi.openxml4j.opc.PackageRelationshipCollection - Parsing relationship: /xl/worksheets/_rels/sheet1.xml.rels
11:19:15.069 [main] DEBUG org.apache.poi.openxml4j.opc.PackageRelationshipCollection - Parsing relationship: /_rels/.rels
11:19:15.082 [main] DEBUG org.apache.poi.openxml4j.opc.PackageRelationshipCollection - Parsing relationship: /xl/_rels/workbook.xml.rels
11:19:15.082 [main] DEBUG org.apache.poi.openxml4j.opc.PackageRelationshipCollection - Parsing relationship: /xl/worksheets/_rels/sheet1.xml.rels
11:19:15.083 [main] DEBUG org.apache.poi.openxml4j.opc.PackageRelationshipCollection - Parsing relationship: /_rels/.rels
11:19:15.096 [main] DEBUG org.apache.poi.openxml4j.opc.PackageRelationshipCollection - Parsing relationship: /xl/_rels/workbook.xml.rels
11:19:15.097 [main] DEBUG org.apache.poi.openxml4j.opc.PackageRelationshipCollection - Parsing relationship: /xl/worksheets/_rels/sheet1.xml.rels
11:19:15.097 [main] DEBUG org.apache.poi.openxml4j.opc.PackageRelationshipCollection - Parsing relationship: /_rels/.rels
11:19:15.114 [main] DEBUG org.apache.poi.openxml4j.opc.PackageRelationshipCollection - Parsing relationship: /xl/_rels/workbook.xml.rels
11:19:15.115 [main] DEBUG org.apache.poi.openxml4j.opc.PackageRelationshipCollection - Parsing relationship: /xl/worksheets/_rels/sheet1.xml.rels
11:19:15.115 [main] DEBUG org.apache.poi.openxml4j.opc.PackageRelationshipCollection - Parsing relationship: /_rels/.rels
11:19:15.129 [main] DEBUG org.apache.poi.openxml4j.opc.PackageRelationshipCollection - Parsing relationship: /xl/_rels/workbook.xml.rels
11:19:15.129 [main] DEBUG org.apache.poi.openxml4j.opc.PackageRelationshipCollection - Parsing relationship: /xl/worksheets/_rels/sheet1.xml.rels
11:19:15.130 [main] DEBUG org.apache.poi.openxml4j.opc.PackageRelationshipCollection - Parsing relationship: /_rels/.rels
11:19:15.143 [main] DEBUG org.apache.poi.openxml4j.opc.PackageRelationshipCollection - Parsing relationship: /xl/_rels/workbook.xml.rels
11:19:15.144 [main] DEBUG org.apache.poi.openxml4j.opc.PackageRelationshipCollection - Parsing relationship: /xl/worksheets/_rels/sheet1.xml.rels
11:19:15.144 [main] DEBUG org.apache.poi.openxml4j.opc.PackageRelationshipCollection - Parsing relationship: /_rels/.rels
11:19:15.156 [main] DEBUG org.apache.poi.openxml4j.opc.PackageRelationshipCollection - Parsing relationship: /xl/_rels/workbook.xml.rels
11:19:15.156 [main] DEBUG org.apache.poi.openxml4j.opc.PackageRelationshipCollection - Parsing relationship: /xl/worksheets/_rels/sheet1.xml.rels
11:19:15.157 [main] DEBUG org.apache.poi.openxml4j.opc.PackageRelationshipCollection - Parsing relationship: /_rels/.rels
11:19:15.171 [main] DEBUG org.apache.poi.openxml4j.opc.PackageRelationshipCollection - Parsing relationship: /xl/_rels/workbook.xml.rels
11:19:15.171 [main] DEBUG org.apache.poi.openxml4j.opc.PackageRelationshipCollection - Parsing relationship: /xl/worksheets/_rels/sheet1.xml.rels
11:19:15.172 [main] DEBUG org.apache.poi.openxml4j.opc.PackageRelationshipCollection - Parsing relationship: /_rels/.rels
11:19:15.183 [main] DEBUG org.apache.poi.openxml4j.opc.PackageRelationshipCollection - Parsing relationship: /xl/_rels/workbook.xml.rels
11:19:15.184 [main] DEBUG org.apache.poi.openxml4j.opc.PackageRelationshipCollection - Parsing relationship: /xl/worksheets/_rels/sheet1.xml.rels
11:19:15.184 [main] DEBUG org.apache.poi.openxml4j.opc.PackageRelationshipCollection - Parsing relationship: /_rels/.rels
11:19:15.196 [main] DEBUG org.apache.poi.openxml4j.opc.PackageRelationshipCollection - Parsing relationship: /xl/_rels/workbook.xml.rels
11:19:15.196 [main] DEBUG org.apache.poi.openxml4j.opc.PackageRelationshipCollection - Parsing relationship: /xl/worksheets/_rels/sheet1.xml.rels
11:19:15.197 [main] DEBUG org.apache.poi.openxml4j.opc.PackageRelationshipCollection - Parsing relationship: /_rels/.rels
11:19:20.051 [main] DEBUG org.apache.poi.openxml4j.opc.PackageRelationshipCollection - Parsing relationship: /xl/_rels/workbook.xml.rels
11:19:20.052 [main] DEBUG org.apache.poi.openxml4j.opc.PackageRelationshipCollection - Parsing relationship: /xl/worksheets/_rels/sheet1.xml.rels
11:19:20.052 [main] DEBUG org.apache.poi.openxml4j.opc.PackageRelationshipCollection - Parsing relationship: /_rels/.rels
11:19:20.063 [main] DEBUG org.apache.poi.openxml4j.opc.PackageRelationshipCollection - Parsing relationship: /xl/_rels/workbook.xml.rels
11:19:20.064 [main] DEBUG org.apache.poi.openxml4j.opc.PackageRelationshipCollection - Parsing relationship: /xl/worksheets/_rels/sheet1.xml.rels
11:19:20.064 [main] DEBUG org.apache.poi.openxml4j.opc.PackageRelationshipCollection - Parsing relationship: /_rels/.rels
11:19:20.075 [main] DEBUG org.apache.poi.openxml4j.opc.PackageRelationshipCollection - Parsing relationship: /xl/_rels/workbook.xml.rels
11:19:20.076 [main] DEBUG org.apache.poi.openxml4j.opc.PackageRelationshipCollection - Parsing relationship: /xl/worksheets/_rels/sheet1.xml.rels
11:19:20.076 [main] DEBUG org.apache.poi.openxml4j.opc.PackageRelationshipCollection - Parsing relationship: /_rels/.rels
11:19:20.087 [main] DEBUG org.apache.poi.openxml4j.opc.PackageRelationshipCollection - Parsing relationship: /xl/_rels/workbook.xml.rels
11:19:20.087 [main] DEBUG org.apache.poi.openxml4j.opc.PackageRelationshipCollection - Parsing relationship: /xl/worksheets/_rels/sheet1.xml.rels
11:19:20.088 [main] DEBUG org.apache.poi.openxml4j.opc.PackageRelationshipCollection - Parsing relationship: /_rels/.rels
11:22:51.932 [main] INFO  api.test.PetTests - ***********  Creating pet ***************************
11:22:54.112 [main] INFO  api.test.PetTests - ***********  pet is created ***************************
11:22:54.137 [main] INFO  api.test.PetTests - ***********  Reading pet info ***************************
11:22:55.033 [main] INFO  api.test.PetTests - *********** pet Info is displayed ***************************
11:22:55.038 [main] INFO  api.test.PetTests - ***********  Updating pet ***************************
11:22:56.959 [main] INFO  api.test.PetTests - ***********  pet is Updated ***************************
11:22:56.965 [main] INFO  api.test.PetTests - ***********  Deleting pet ***************************
11:22:57.831 [main] INFO  api.test.PetTests - ***********  pet is Deleted ***************************
11:25:58.426 [main] INFO  api.test.PetTests - ***********  Creating pet ***************************
11:26:00.539 [main] INFO  api.test.PetTests - ***********  pet is created ***************************
11:26:00.557 [main] INFO  api.test.PetTests - ***********  Reading pet info ***************************
11:26:01.457 [main] INFO  api.test.PetTests - *********** pet Info is displayed ***************************
11:26:01.462 [main] INFO  api.test.PetTests - ***********  Updating pet ***************************
11:26:03.005 [main] INFO  api.test.PetTests - ***********  pet is Updated ***************************
11:26:03.008 [main] INFO  api.test.PetTests - ***********  Deleting pet ***************************
11:26:03.880 [main] INFO  api.test.PetTests - ***********  pet is Deleted ***************************
11:27:05.758 [main] INFO  api.test.StoreTests - ***********  Creating order ***************************
11:27:08.095 [main] INFO  api.test.StoreTests - ***********  order is created ***************************
11:27:08.108 [main] INFO  api.test.StoreTests - ***********  Reading order info ***************************
11:27:08.999 [main] INFO  api.test.StoreTests - *********** order Info is displayed ***************************
11:27:09.002 [main] INFO  api.test.StoreTests - ***********  Deleting order ***************************
11:27:09.883 [main] INFO  api.test.StoreTests - ***********  order is Deleted ***************************
11:55:02.873 [main] DEBUG org.apache.poi.openxml4j.opc.PackageRelationshipCollection - Parsing relationship: /xl/_rels/workbook.xml.rels
11:55:02.888 [main] DEBUG org.apache.poi.openxml4j.opc.PackageRelationshipCollection - Parsing relationship: /_rels/.rels
11:55:03.420 [main] DEBUG org.apache.poi.openxml4j.opc.PackageRelationshipCollection - Parsing relationship: /xl/_rels/workbook.xml.rels
11:55:03.421 [main] DEBUG org.apache.poi.openxml4j.opc.PackageRelationshipCollection - Parsing relationship: /_rels/.rels
11:55:03.452 [main] DEBUG org.apache.poi.openxml4j.opc.PackageRelationshipCollection - Parsing relationship: /xl/_rels/workbook.xml.rels
11:55:03.453 [main] DEBUG org.apache.poi.openxml4j.opc.PackageRelationshipCollection - Parsing relationship: /_rels/.rels
11:55:03.617 [main] DEBUG org.apache.poi.openxml4j.opc.PackageRelationshipCollection - Parsing relationship: /xl/_rels/workbook.xml.rels
11:55:03.618 [main] DEBUG org.apache.poi.openxml4j.opc.PackageRelationshipCollection - Parsing relationship: /_rels/.rels
11:55:03.692 [main] DEBUG org.apache.poi.openxml4j.opc.PackageRelationshipCollection - Parsing relationship: /xl/_rels/workbook.xml.rels
11:55:03.693 [main] DEBUG org.apache.poi.openxml4j.opc.PackageRelationshipCollection - Parsing relationship: /_rels/.rels
11:55:03.750 [main] DEBUG org.apache.poi.openxml4j.opc.PackageRelationshipCollection - Parsing relationship: /xl/_rels/workbook.xml.rels
11:55:03.751 [main] DEBUG org.apache.poi.openxml4j.opc.PackageRelationshipCollection - Parsing relationship: /_rels/.rels
11:55:03.789 [main] DEBUG org.apache.poi.openxml4j.opc.PackageRelationshipCollection - Parsing relationship: /xl/_rels/workbook.xml.rels
11:55:03.791 [main] DEBUG org.apache.poi.openxml4j.opc.PackageRelationshipCollection - Parsing relationship: /_rels/.rels
11:55:03.866 [main] DEBUG org.apache.poi.openxml4j.opc.PackageRelationshipCollection - Parsing relationship: /xl/_rels/workbook.xml.rels
11:55:03.872 [main] DEBUG org.apache.poi.openxml4j.opc.PackageRelationshipCollection - Parsing relationship: /_rels/.rels
11:55:03.894 [main] DEBUG org.apache.poi.openxml4j.opc.PackageRelationshipCollection - Parsing relationship: /xl/_rels/workbook.xml.rels
11:55:03.895 [main] DEBUG org.apache.poi.openxml4j.opc.PackageRelationshipCollection - Parsing relationship: /_rels/.rels
11:55:03.946 [main] DEBUG org.apache.poi.openxml4j.opc.PackageRelationshipCollection - Parsing relationship: /xl/_rels/workbook.xml.rels
11:55:03.947 [main] DEBUG org.apache.poi.openxml4j.opc.PackageRelationshipCollection - Parsing relationship: /_rels/.rels
11:55:03.963 [main] DEBUG org.apache.poi.openxml4j.opc.PackageRelationshipCollection - Parsing relationship: /xl/_rels/workbook.xml.rels
11:55:03.963 [main] DEBUG org.apache.poi.openxml4j.opc.PackageRelationshipCollection - Parsing relationship: /_rels/.rels
11:55:03.981 [main] DEBUG org.apache.poi.openxml4j.opc.PackageRelationshipCollection - Parsing relationship: /xl/_rels/workbook.xml.rels
11:55:03.982 [main] DEBUG org.apache.poi.openxml4j.opc.PackageRelationshipCollection - Parsing relationship: /_rels/.rels
11:55:03.994 [main] DEBUG org.apache.poi.openxml4j.opc.PackageRelationshipCollection - Parsing relationship: /xl/_rels/workbook.xml.rels
11:55:03.994 [main] DEBUG org.apache.poi.openxml4j.opc.PackageRelationshipCollection - Parsing relationship: /_rels/.rels
11:55:04.010 [main] DEBUG org.apache.poi.openxml4j.opc.PackageRelationshipCollection - Parsing relationship: /xl/_rels/workbook.xml.rels
11:55:04.011 [main] DEBUG org.apache.poi.openxml4j.opc.PackageRelationshipCollection - Parsing relationship: /_rels/.rels
11:55:04.026 [main] DEBUG org.apache.poi.openxml4j.opc.PackageRelationshipCollection - Parsing relationship: /xl/_rels/workbook.xml.rels
11:55:04.027 [main] DEBUG org.apache.poi.openxml4j.opc.PackageRelationshipCollection - Parsing relationship: /_rels/.rels
11:55:04.046 [main] DEBUG org.apache.poi.openxml4j.opc.PackageRelationshipCollection - Parsing relationship: /xl/_rels/workbook.xml.rels
11:55:04.046 [main] DEBUG org.apache.poi.openxml4j.opc.PackageRelationshipCollection - Parsing relationship: /_rels/.rels
11:55:04.064 [main] DEBUG org.apache.poi.openxml4j.opc.PackageRelationshipCollection - Parsing relationship: /xl/_rels/workbook.xml.rels
11:55:04.064 [main] DEBUG org.apache.poi.openxml4j.opc.PackageRelationshipCollection - Parsing relationship: /_rels/.rels
11:55:04.077 [main] DEBUG org.apache.poi.openxml4j.opc.PackageRelationshipCollection - Parsing relationship: /xl/_rels/workbook.xml.rels
11:55:04.078 [main] DEBUG org.apache.poi.openxml4j.opc.PackageRelationshipCollection - Parsing relationship: /_rels/.rels
11:55:04.092 [main] DEBUG org.apache.poi.openxml4j.opc.PackageRelationshipCollection - Parsing relationship: /xl/_rels/workbook.xml.rels
11:55:04.093 [main] DEBUG org.apache.poi.openxml4j.opc.PackageRelationshipCollection - Parsing relationship: /_rels/.rels
11:55:04.109 [main] DEBUG org.apache.poi.openxml4j.opc.PackageRelationshipCollection - Parsing relationship: /xl/_rels/workbook.xml.rels
11:55:04.110 [main] DEBUG org.apache.poi.openxml4j.opc.PackageRelationshipCollection - Parsing relationship: /_rels/.rels
11:55:04.152 [main] DEBUG org.apache.poi.openxml4j.opc.PackageRelationshipCollection - Parsing relationship: /xl/_rels/workbook.xml.rels
11:55:04.153 [main] DEBUG org.apache.poi.openxml4j.opc.PackageRelationshipCollection - Parsing relationship: /_rels/.rels
11:55:04.168 [main] DEBUG org.apache.poi.openxml4j.opc.PackageRelationshipCollection - Parsing relationship: /xl/_rels/workbook.xml.rels
11:55:04.169 [main] DEBUG org.apache.poi.openxml4j.opc.PackageRelationshipCollection - Parsing relationship: /_rels/.rels
11:55:04.197 [main] DEBUG org.apache.poi.openxml4j.opc.PackageRelationshipCollection - Parsing relationship: /xl/_rels/workbook.xml.rels
11:55:04.197 [main] DEBUG org.apache.poi.openxml4j.opc.PackageRelationshipCollection - Parsing relationship: /_rels/.rels
11:55:04.212 [main] DEBUG org.apache.poi.openxml4j.opc.PackageRelationshipCollection - Parsing relationship: /xl/_rels/workbook.xml.rels
11:55:04.212 [main] DEBUG org.apache.poi.openxml4j.opc.PackageRelationshipCollection - Parsing relationship: /_rels/.rels
11:55:53.151 [main] DEBUG org.apache.poi.openxml4j.opc.PackageRelationshipCollection - Parsing relationship: /xl/_rels/workbook.xml.rels
11:55:53.156 [main] DEBUG org.apache.poi.openxml4j.opc.PackageRelationshipCollection - Parsing relationship: /_rels/.rels
11:55:53.788 [main] DEBUG org.apache.poi.openxml4j.opc.PackageRelationshipCollection - Parsing relationship: /xl/_rels/workbook.xml.rels
11:55:53.790 [main] DEBUG org.apache.poi.openxml4j.opc.PackageRelationshipCollection - Parsing relationship: /_rels/.rels
11:55:53.852 [main] DEBUG org.apache.poi.openxml4j.opc.PackageRelationshipCollection - Parsing relationship: /xl/_rels/workbook.xml.rels
11:55:53.853 [main] DEBUG org.apache.poi.openxml4j.opc.PackageRelationshipCollection - Parsing relationship: /_rels/.rels
11:55:53.922 [main] DEBUG org.apache.poi.openxml4j.opc.PackageRelationshipCollection - Parsing relationship: /xl/_rels/workbook.xml.rels
11:55:53.924 [main] DEBUG org.apache.poi.openxml4j.opc.PackageRelationshipCollection - Parsing relationship: /_rels/.rels
11:55:53.953 [main] DEBUG org.apache.poi.openxml4j.opc.PackageRelationshipCollection - Parsing relationship: /xl/_rels/workbook.xml.rels
11:55:53.954 [main] DEBUG org.apache.poi.openxml4j.opc.PackageRelationshipCollection - Parsing relationship: /_rels/.rels
11:55:53.973 [main] DEBUG org.apache.poi.openxml4j.opc.PackageRelationshipCollection - Parsing relationship: /xl/_rels/workbook.xml.rels
11:55:53.974 [main] DEBUG org.apache.poi.openxml4j.opc.PackageRelationshipCollection - Parsing relationship: /_rels/.rels
11:55:53.991 [main] DEBUG org.apache.poi.openxml4j.opc.PackageRelationshipCollection - Parsing relationship: /xl/_rels/workbook.xml.rels
11:55:53.992 [main] DEBUG org.apache.poi.openxml4j.opc.PackageRelationshipCollection - Parsing relationship: /_rels/.rels
11:55:54.008 [main] DEBUG org.apache.poi.openxml4j.opc.PackageRelationshipCollection - Parsing relationship: /xl/_rels/workbook.xml.rels
11:55:54.008 [main] DEBUG org.apache.poi.openxml4j.opc.PackageRelationshipCollection - Parsing relationship: /_rels/.rels
11:55:54.023 [main] DEBUG org.apache.poi.openxml4j.opc.PackageRelationshipCollection - Parsing relationship: /xl/_rels/workbook.xml.rels
11:55:54.024 [main] DEBUG org.apache.poi.openxml4j.opc.PackageRelationshipCollection - Parsing relationship: /_rels/.rels
11:55:54.038 [main] DEBUG org.apache.poi.openxml4j.opc.PackageRelationshipCollection - Parsing relationship: /xl/_rels/workbook.xml.rels
11:55:54.039 [main] DEBUG org.apache.poi.openxml4j.opc.PackageRelationshipCollection - Parsing relationship: /_rels/.rels
11:55:54.052 [main] DEBUG org.apache.poi.openxml4j.opc.PackageRelationshipCollection - Parsing relationship: /xl/_rels/workbook.xml.rels
11:55:54.055 [main] DEBUG org.apache.poi.openxml4j.opc.PackageRelationshipCollection - Parsing relationship: /_rels/.rels
11:55:54.070 [main] DEBUG org.apache.poi.openxml4j.opc.PackageRelationshipCollection - Parsing relationship: /xl/_rels/workbook.xml.rels
11:55:54.071 [main] DEBUG org.apache.poi.openxml4j.opc.PackageRelationshipCollection - Parsing relationship: /_rels/.rels
11:55:54.083 [main] DEBUG org.apache.poi.openxml4j.opc.PackageRelationshipCollection - Parsing relationship: /xl/_rels/workbook.xml.rels
11:55:54.084 [main] DEBUG org.apache.poi.openxml4j.opc.PackageRelationshipCollection - Parsing relationship: /_rels/.rels
11:55:54.098 [main] DEBUG org.apache.poi.openxml4j.opc.PackageRelationshipCollection - Parsing relationship: /xl/_rels/workbook.xml.rels
11:55:54.099 [main] DEBUG org.apache.poi.openxml4j.opc.PackageRelationshipCollection - Parsing relationship: /_rels/.rels
11:55:54.113 [main] DEBUG org.apache.poi.openxml4j.opc.PackageRelationshipCollection - Parsing relationship: /xl/_rels/workbook.xml.rels
11:55:54.113 [main] DEBUG org.apache.poi.openxml4j.opc.PackageRelationshipCollection - Parsing relationship: /_rels/.rels
11:55:54.132 [main] DEBUG org.apache.poi.openxml4j.opc.PackageRelationshipCollection - Parsing relationship: /xl/_rels/workbook.xml.rels
11:55:54.134 [main] DEBUG org.apache.poi.openxml4j.opc.PackageRelationshipCollection - Parsing relationship: /_rels/.rels
11:55:54.155 [main] DEBUG org.apache.poi.openxml4j.opc.PackageRelationshipCollection - Parsing relationship: /xl/_rels/workbook.xml.rels
11:55:54.156 [main] DEBUG org.apache.poi.openxml4j.opc.PackageRelationshipCollection - Parsing relationship: /_rels/.rels
11:55:54.169 [main] DEBUG org.apache.poi.openxml4j.opc.PackageRelationshipCollection - Parsing relationship: /xl/_rels/workbook.xml.rels
11:55:54.170 [main] DEBUG org.apache.poi.openxml4j.opc.PackageRelationshipCollection - Parsing relationship: /_rels/.rels
11:55:54.182 [main] DEBUG org.apache.poi.openxml4j.opc.PackageRelationshipCollection - Parsing relationship: /xl/_rels/workbook.xml.rels
11:55:54.183 [main] DEBUG org.apache.poi.openxml4j.opc.PackageRelationshipCollection - Parsing relationship: /_rels/.rels
11:55:54.196 [main] DEBUG org.apache.poi.openxml4j.opc.PackageRelationshipCollection - Parsing relationship: /xl/_rels/workbook.xml.rels
11:55:54.196 [main] DEBUG org.apache.poi.openxml4j.opc.PackageRelationshipCollection - Parsing relationship: /_rels/.rels
11:55:54.239 [main] DEBUG org.apache.poi.openxml4j.opc.PackageRelationshipCollection - Parsing relationship: /xl/_rels/workbook.xml.rels
11:55:54.239 [main] DEBUG org.apache.poi.openxml4j.opc.PackageRelationshipCollection - Parsing relationship: /_rels/.rels
11:55:54.251 [main] DEBUG org.apache.poi.openxml4j.opc.PackageRelationshipCollection - Parsing relationship: /xl/_rels/workbook.xml.rels
11:55:54.252 [main] DEBUG org.apache.poi.openxml4j.opc.PackageRelationshipCollection - Parsing relationship: /_rels/.rels
11:55:54.263 [main] DEBUG org.apache.poi.openxml4j.opc.PackageRelationshipCollection - Parsing relationship: /xl/_rels/workbook.xml.rels
11:55:54.264 [main] DEBUG org.apache.poi.openxml4j.opc.PackageRelationshipCollection - Parsing relationship: /_rels/.rels
11:55:54.277 [main] DEBUG org.apache.poi.openxml4j.opc.PackageRelationshipCollection - Parsing relationship: /xl/_rels/workbook.xml.rels
11:55:54.278 [main] DEBUG org.apache.poi.openxml4j.opc.PackageRelationshipCollection - Parsing relationship: /_rels/.rels
11:59:34.041 [main] DEBUG org.apache.poi.openxml4j.opc.PackageRelationshipCollection - Parsing relationship: /xl/_rels/workbook.xml.rels
11:59:34.052 [main] DEBUG org.apache.poi.openxml4j.opc.PackageRelationshipCollection - Parsing relationship: /_rels/.rels
11:59:34.512 [main] DEBUG org.apache.poi.openxml4j.opc.PackageRelationshipCollection - Parsing relationship: /xl/_rels/workbook.xml.rels
11:59:34.513 [main] DEBUG org.apache.poi.openxml4j.opc.PackageRelationshipCollection - Parsing relationship: /_rels/.rels
11:59:34.545 [main] DEBUG org.apache.poi.openxml4j.opc.PackageRelationshipCollection - Parsing relationship: /xl/_rels/workbook.xml.rels
11:59:34.546 [main] DEBUG org.apache.poi.openxml4j.opc.PackageRelationshipCollection - Parsing relationship: /_rels/.rels
11:59:34.588 [main] DEBUG org.apache.poi.openxml4j.opc.PackageRelationshipCollection - Parsing relationship: /xl/_rels/workbook.xml.rels
11:59:34.589 [main] DEBUG org.apache.poi.openxml4j.opc.PackageRelationshipCollection - Parsing relationship: /_rels/.rels
11:59:34.609 [main] DEBUG org.apache.poi.openxml4j.opc.PackageRelationshipCollection - Parsing relationship: /xl/_rels/workbook.xml.rels
11:59:34.610 [main] DEBUG org.apache.poi.openxml4j.opc.PackageRelationshipCollection - Parsing relationship: /_rels/.rels
11:59:34.627 [main] DEBUG org.apache.poi.openxml4j.opc.PackageRelationshipCollection - Parsing relationship: /xl/_rels/workbook.xml.rels
11:59:34.628 [main] DEBUG org.apache.poi.openxml4j.opc.PackageRelationshipCollection - Parsing relationship: /_rels/.rels
11:59:34.648 [main] DEBUG org.apache.poi.openxml4j.opc.PackageRelationshipCollection - Parsing relationship: /xl/_rels/workbook.xml.rels
11:59:34.649 [main] DEBUG org.apache.poi.openxml4j.opc.PackageRelationshipCollection - Parsing relationship: /_rels/.rels
11:59:34.666 [main] DEBUG org.apache.poi.openxml4j.opc.PackageRelationshipCollection - Parsing relationship: /xl/_rels/workbook.xml.rels
11:59:34.667 [main] DEBUG org.apache.poi.openxml4j.opc.PackageRelationshipCollection - Parsing relationship: /_rels/.rels
